{
  "RSpec": {
    "coverage": {
      "/home/secure-snippet-812a/tic-tac-toe-rb-online-web-sp-000/lib/tic_tac_toe.rb": [
        null,
        null,
        1,
        null,
        null,
        null,
        null,
        null,
        null,
        null,
        null,
        null,
        null,
        1,
        1,
        15,
        15,
        15,
        15,
        15,
        null,
        1,
        null,
        null,
        1,
        13,
        null,
        null,
        null,
        1,
        12,
        null,
        null,
        null,
        1,
        15,
        15,
        null,
        null,
        null,
        1,
        12,
        11,
        null,
        1,
        null,
        null,
        null,
        null,
        1,
        2,
        2,
        18,
        5,
        null,
        null,
        2,
        null,
        null,
        null,
        1,
        1,
        1,
        0,
        0,
        null,
        null,
        null,
        null,
        1,
        10,
        10,
        10,
        10,
        9,
        9,
        null,
        1,
        null,
        null,
        null,
        null,
        1,
        19,
        128,
        5,
        123,
        2,
        null,
        null,
        12,
        null,
        null,
        null,
        1,
        15,
        61,
        null,
        null,
        null,
        null,
        1,
        12,
        1,
        null,
        null,
        null,
        null,
        1,
        3,
        2,
        null,
        null,
        null,
        null,
        null,
        null,
        1,
        3,
        3,
        null,
        2,
        1,
        1,
        1,
        null,
        null,
        null,
        1,
        12,
        7,
        7,
        0,
        7,
        0,
        null,
        null
      ]
    },
    "timestamp": 1611683076
  }
}
