{
  "RSpec": {
    "coverage": {
      "/home/secure-snippet-812a/tic-tac-toe-rb-online-web-sp-000/lib/tic_tac_toe.rb": [
        null,
        null,
        1,
        null,
        null,
        null,
        null,
        null,
        null,
        null,
        null,
        null,
        null,
        1,
        1,
        16,
        16,
        16,
        16,
        16,
        null,
        1,
        null,
        null,
        1,
        13,
        null,
        null,
        null,
        1,
        12,
        null,
        null,
        null,
        1,
        15,
        12,
        3,
        3,
        null,
        null,
        null,
        null,
        1,
        13,
        null,
        null,
        null,
        1,
        10,
        10,
        10,
        10,
        1,
        null,
        9,
        null,
        10,
        null,
        null,
        null,
        1,
        11,
        11,
        99,
        5,
        null,
        null,
        11,
        null,
        null,
        null,
        1,
        10,
        10,
        0,
        0,
        null,
        null,
        null,
        null,
        1,
        39,
        212,
        13,
        199,
        6,
        null,
        null,
        20,
        null,
        null,
        null,
        1,
        24,
        100,
        null,
        null,
        null,
        null,
        1,
        16,
        3,
        null,
        null,
        null,
        null,
        1,
        11,
        7,
        null,
        null,
        null,
        null,
        null,
        null,
        1,
        6,
        6,
        null,
        5,
        3,
        2,
        2,
        null,
        null,
        null,
        1,
        12,
        7,
        null,
        5,
        3,
        null,
        2,
        2,
        null,
        null
      ]
    },
    "timestamp": 1611686152
  }
}
